Software Version: 11.7.2.2
creating folder: C:\Users\ciaran.lappin\Documents\Boards\M2GL025_Future\Projects\MASTER\FlashProExpress\IGL2_CoreRISCV_TickTackToe
Embedded FlashPro5 programmer detected.
programmer 'E20010YOAP' : FlashPro5
Created new project 'C:\Users\ciaran.lappin\Documents\Boards\M2GL025_Future\Projects\MASTER\FlashProExpress\IGL2_CoreRISCV_TickTackToe\IGL2_CoreRISCV_TickTackToe.pro'
STAPL file 'C:\Users\ciaran.lappin\Documents\Boards\M2GL025_Future\Projects\MASTER\FlashProExpress\IGL2_CoreRISCV_TickTackToe\M2GL025_1.stp' has been loaded successfully.
DESIGN : IGL2_CoreRISCV;  CHECKSUM : DA9E;  ALG_VERSION : 2
creating folder: C:\Users\ciaran.lappin\Documents\Boards\M2GL025_Future\Projects\MASTER\FlashProExpress\IGL2_CoreRISCV_TickTackToe\projectData
Software Version: 11.7.2.2
STAPL file 'C:\Users\ciaran.lappin\Documents\Boards\M2GL025_Future\Projects\MASTER\FlashProExpress\IGL2_CoreRISCV_TickTackToe\M2GL025_1.stp' has been loaded successfully.
DESIGN : IGL2_CoreRISCV;  CHECKSUM : DA9E;  ALG_VERSION : 2
Embedded FlashPro5 programmer detected.
programmer 'E20010YOAP' : FlashPro5

Created FlashPro Express Job Project.
programmer 'E20010YOAP' : Scan Chain...
Warning: programmer 'E20010YOAP' : Vpump has been selected on programmer AND an externally provided Vpump has also been detected. Using externally provided Vpump voltage source.
programmer 'E20010YOAP' : Check Chain...
programmer 'E20010YOAP' : Scan and Check Chain PASSED.
programmer 'E20010YOAP' : device 'M2GL025' : Executing action PROGRAM
programmer 'E20010YOAP' : device 'M2GL025' : Family: Igloo2
programmer 'E20010YOAP' : device 'M2GL025' : Product:      M2GL025
programmer 'E20010YOAP' : device 'M2GL025' : EXPORT ISC_ENABLE_RESULT[32] = 007f6844
programmer 'E20010YOAP' : device 'M2GL025' : EXPORT CRCERR: [1] = 0
programmer 'E20010YOAP' : device 'M2GL025' : EXPORT EDCERR: [1] = 0
programmer 'E20010YOAP' : device 'M2GL025' : TEMPGRADE: ROOM
programmer 'E20010YOAP' : device 'M2GL025' : EXPORT VPPRANGE: [3] = 2
programmer 'E20010YOAP' : device 'M2GL025' : VPPRANGE: HIGH
programmer 'E20010YOAP' : device 'M2GL025' : EXPORT TEMP: [8] = 68
programmer 'E20010YOAP' : device 'M2GL025' : EXPORT VPP: [8] = 7f
programmer 'E20010YOAP' : device 'M2GL025' : Programming FPGA Array and eNVM...
programmer 'E20010YOAP' : device 'M2GL025' : EXPORT Fabric component digest[256] = 6d09b201b725d02eb4480e35c3ef7dc1648d1f6c06cc6cec5e0ddbd6d95594e8
programmer 'E20010YOAP' : device 'M2GL025' : EXPORT eNVM component digest[256] = c0b5123e295f7817b9a5512115394df5565c96b5dca6ce55e506a64f2a924d2e
programmer 'E20010YOAP' : device 'M2GL025' : ===================================================================================
programmer 'E20010YOAP' : device 'M2GL025' : EXPORT DSN[128] = d912550bee9fcfaf9f7a0034676cfb0b
programmer 'E20010YOAP' : device 'M2GL025' : ===================================================================================
programmer 'E20010YOAP' : device 'M2GL025' : Finished: Thu Feb 16 12:59:07 2017 (Elapsed time 00:00:46)
programmer 'E20010YOAP' : device 'M2GL025' : Executing action PROGRAM PASSED.
programmer 'E20010YOAP' : Chain programming PASSED.
Chain Programming Finished: Thu Feb 16 12:59:07 2017 (Elapsed time 00:00:46)

                        o - o - o - o - o - o

Project saved.
Project closed.
