Software Version: 11.8.1.12
creating folder: C:\Users\ciaran.lappin\Downloads\CreativeRes\M2GL025-Creative-Board-master\Programming_The_Target_Device\PROC_SUBSYSTEM_BaseDesign
Embedded FlashPro5 programmer detected.
programmer 'E200108CTE' : FlashPro5
Created new project 'C:\Users\ciaran.lappin\Downloads\CreativeRes\M2GL025-Creative-Board-master\Programming_The_Target_Device\PROC_SUBSYSTEM_BaseDesign\PROC_SUBSYSTEM_BaseDesign.pro'
STAPL file 'C:\Users\ciaran.lappin\Downloads\CreativeRes\M2GL025-Creative-Board-master\Programming_The_Target_Device\PROC_SUBSYSTEM_BaseDesign\M2GL025_1.stp' has been loaded successfully.
DESIGN : PROC_SUBSYSTEM;  CHECKSUM : 8516;  ALG_VERSION : 2
creating folder: C:\Users\ciaran.lappin\Downloads\CreativeRes\M2GL025-Creative-Board-master\Programming_The_Target_Device\PROC_SUBSYSTEM_BaseDesign\projectData
Software Version: 11.8.1.12
STAPL file 'C:\Users\ciaran.lappin\Downloads\CreativeRes\M2GL025-Creative-Board-master\Programming_The_Target_Device\PROC_SUBSYSTEM_BaseDesign\M2GL025_1.stp' has been loaded successfully.
DESIGN : PROC_SUBSYSTEM;  CHECKSUM : 8516;  ALG_VERSION : 2
Embedded FlashPro5 programmer detected.
programmer 'E200108CTE' : FlashPro5

Created FlashPro Express Job Project.
Rescanning for Programmers...
Embedded FlashPro5 programmer detected.
programmer 'E200108CTE' : FlashPro5
Rescanning for Programmers DONE.
programmer 'E200108CTE' : Scan Chain...
Warning: programmer 'E200108CTE' : Vpump has been selected on programmer AND an externally provided Vpump has also been detected. Using externally provided Vpump voltage source.
programmer 'E200108CTE' : Check Chain...
programmer 'E200108CTE' : Scan and Check Chain PASSED.
programmer 'E200108CTE' : device 'M2GL025' : Executing action PROGRAM
programmer 'E200108CTE' : device 'M2GL025' : Family: Igloo2
programmer 'E200108CTE' : device 'M2GL025' : Product:      M2GL005
programmer 'E200108CTE' : device 'M2GL025' : EXPORT ISC_ENABLE_RESULT[32] = 007a6444
programmer 'E200108CTE' : device 'M2GL025' : EXPORT CRCERR[1] = 0
programmer 'E200108CTE' : device 'M2GL025' : EXPORT EDCERR[1] = 0
programmer 'E200108CTE' : device 'M2GL025' : Programming FPGA Array and eNVM...
programmer 'E200108CTE' : device 'M2GL025' : EXPORT Fabric component digest[256] = b8902dc21da3a690f386a300b29117695174f47ef5cd4a275404c9e1b30c030a
programmer 'E200108CTE' : device 'M2GL025' : EXPORT eNVM component digest[256] = f12f03bf16046689f995d83b0e8de8b428a4cfe5d56ceb26134d1881819b1089
programmer 'E200108CTE' : device 'M2GL025' : ===================================================================================
programmer 'E200108CTE' : device 'M2GL025' : EXPORT DSN[128] = 2c27c420d72f157cbf55aaf0c9c7b5ef
programmer 'E200108CTE' : device 'M2GL025' : ===================================================================================
programmer 'E200108CTE' : device 'M2GL025' : Finished: Thu Nov 02 12:27:06 2017 (Elapsed time 00:00:38)
programmer 'E200108CTE' : device 'M2GL025' : Executing action PROGRAM PASSED.
programmer 'E200108CTE' : Chain programming PASSED.
Chain Programming Finished: Thu Nov 02 12:27:06 2017 (Elapsed time 00:00:38)

                        o - o - o - o - o - o

Project saved.
Project closed.
