# Synopsys Constraint Checker(syntax only), version map201609actrcp1, Build 005R, built Jan 25 2017
# Copyright (C) 1994-2016 Synopsys, Inc. All rights reserved. This Synopsys software and all associated documentation are proprietary to Synopsys, Inc. and may only be used pursuant to the terms and conditions of a written license agreement with Synopsys, Inc. All other use, reproduction, modification, or distribution of the Synopsys software or the associated documentation is strictly prohibited.

# Written on Thu Dec 14 16:12:38 2017


##### DESIGN INFO #######################################################

Top View:                "PROC_SUBSYSTEM"
Constraint File(s):      "C:\Users\hbreslin\OneDrive - Microsemi Corporation\Ciaran stuff\IGL2_MIV_RV32IMA_BaseDesign\IGL2_MIV_RV32IMA_BaseDesign\designer\PROC_SUBSYSTEM\synthesis.fdc"

#Run constraint checker to find more issues with constraints.
#########################################################################



No issues found in constraint syntax.



Clock Summary
*************

Start                                            Requested     Requested     Clock                         Clock                   Clock
Clock                                            Frequency     Period        Type                          Group                   Load 
----------------------------------------------------------------------------------------------------------------------------------------
CLK0_PAD                                         50.0 MHz      20.000        declared                      default_clkgroup        0    
COREJTAGDEBUG_85_1s|iUDRCK_inferred_clock        100.0 MHz     10.000        inferred                      Inferred_clkgroup_1     16   
HPMS_0_sb_0/CCC_0/GL0                            66.0 MHz      15.152        generated (from CLK0_PAD)     default_clkgroup        5911 
HPMS_0_sb_0/FABOSC_0/I_RCOSC_25_50MHZ/CLKOUT     50.0 MHz      20.000        declared                      default_clkgroup        31   
HPMS_0_sb_0/HPMS_0_sb_HPMS_0/CLK_CONFIG_APB      16.5 MHz      60.606        declared                      default_clkgroup        109  
System                                           100.0 MHz     10.000        system                        system_clkgroup         0    
TCK                                              6.0 MHz       166.670       declared                      default_clkgroup        0    
uj_jtag_85|un1_duttck_inferred_clock             100.0 MHz     10.000        inferred                      Inferred_clkgroup_0     335  
========================================================================================================================================
