11:02:40 **** Incremental Build of configuration Debug for project TickTackToe ****
make all 
Building file: ../riscv_hal/entry.S
Invoking: RISC-V GCC/Newlib Assembler
riscv64-unknown-elf-gcc -g3 -gdwarf-2 -m32 -x assembler-with-cpp -Wall -c -MMD -MP -MF"riscv_hal/entry.d" -MT"riscv_hal/entry.d" -march=RV32IM -mmuldiv -mfloat-abi=soft -o "riscv_hal/entry.o" "../riscv_hal/entry.S"
Finished building: ../riscv_hal/entry.S
 
Building file: ../riscv_hal/init.c
Invoking: RISC-V GCC/Newlib C Compiler
riscv64-unknown-elf-gcc -g3 -gdwarf-2 -m32 -I"/home/user/Desktop/Untitled Folder/workspace.examples/TickTackToe/drivers" -I"/home/user/Desktop/Untitled Folder/workspace.examples/TickTackToe" -I"/home/user/Desktop/Untitled Folder/workspace.examples/TickTackToe/drivers/CoreGPIO" -I"/home/user/Desktop/Untitled Folder/workspace.examples/TickTackToe/drivers/CoreSPI" -I"/home/user/Desktop/Untitled Folder/workspace.examples/TickTackToe/drivers/CoreTimer" -I"/home/user/Desktop/Untitled Folder/workspace.examples/TickTackToe/drivers/CoreUARTapb" -I"/home/user/Desktop/Untitled Folder/workspace.examples/TickTackToe/hal" -I"/home/user/Desktop/Untitled Folder/workspace.examples/TickTackToe/MicrosemiTFTDriver" -I"/home/user/Desktop/Untitled Folder/workspace.examples/TickTackToe/MicrosemiTSDriver" -I"/home/user/Desktop/Untitled Folder/workspace.examples/TickTackToe/riscv_hal" -I"/home/user/Desktop/Untitled Folder/workspace.examples/TickTackToe/TicTacToe" -O0 -Wall -c -MMD -MP -MF"riscv_hal/init.d" -MT"riscv_hal/init.d" -march=RV32IM -mmuldiv -mfloat-abi=soft -o "riscv_hal/init.o" "../riscv_hal/init.c"
Finished building: ../riscv_hal/init.c
 
Building file: ../riscv_hal/riscv_hal.c
Invoking: RISC-V GCC/Newlib C Compiler
riscv64-unknown-elf-gcc -g3 -gdwarf-2 -m32 -I"/home/user/Desktop/Untitled Folder/workspace.examples/TickTackToe/drivers" -I"/home/user/Desktop/Untitled Folder/workspace.examples/TickTackToe" -I"/home/user/Desktop/Untitled Folder/workspace.examples/TickTackToe/drivers/CoreGPIO" -I"/home/user/Desktop/Untitled Folder/workspace.examples/TickTackToe/drivers/CoreSPI" -I"/home/user/Desktop/Untitled Folder/workspace.examples/TickTackToe/drivers/CoreTimer" -I"/home/user/Desktop/Untitled Folder/workspace.examples/TickTackToe/drivers/CoreUARTapb" -I"/home/user/Desktop/Untitled Folder/workspace.examples/TickTackToe/hal" -I"/home/user/Desktop/Untitled Folder/workspace.examples/TickTackToe/MicrosemiTFTDriver" -I"/home/user/Desktop/Untitled Folder/workspace.examples/TickTackToe/MicrosemiTSDriver" -I"/home/user/Desktop/Untitled Folder/workspace.examples/TickTackToe/riscv_hal" -I"/home/user/Desktop/Untitled Folder/workspace.examples/TickTackToe/TicTacToe" -O0 -Wall -c -MMD -MP -MF"riscv_hal/riscv_hal.d" -MT"riscv_hal/riscv_hal.d" -march=RV32IM -mmuldiv -mfloat-abi=soft -o "riscv_hal/riscv_hal.o" "../riscv_hal/riscv_hal.c"
Finished building: ../riscv_hal/riscv_hal.c
 
Building file: ../riscv_hal/riscv_hal_stubs.c
Invoking: RISC-V GCC/Newlib C Compiler
riscv64-unknown-elf-gcc -g3 -gdwarf-2 -m32 -I"/home/user/Desktop/Untitled Folder/workspace.examples/TickTackToe/drivers" -I"/home/user/Desktop/Untitled Folder/workspace.examples/TickTackToe" -I"/home/user/Desktop/Untitled Folder/workspace.examples/TickTackToe/drivers/CoreGPIO" -I"/home/user/Desktop/Untitled Folder/workspace.examples/TickTackToe/drivers/CoreSPI" -I"/home/user/Desktop/Untitled Folder/workspace.examples/TickTackToe/drivers/CoreTimer" -I"/home/user/Desktop/Untitled Folder/workspace.examples/TickTackToe/drivers/CoreUARTapb" -I"/home/user/Desktop/Untitled Folder/workspace.examples/TickTackToe/hal" -I"/home/user/Desktop/Untitled Folder/workspace.examples/TickTackToe/MicrosemiTFTDriver" -I"/home/user/Desktop/Untitled Folder/workspace.examples/TickTackToe/MicrosemiTSDriver" -I"/home/user/Desktop/Untitled Folder/workspace.examples/TickTackToe/riscv_hal" -I"/home/user/Desktop/Untitled Folder/workspace.examples/TickTackToe/TicTacToe" -O0 -Wall -c -MMD -MP -MF"riscv_hal/riscv_hal_stubs.d" -MT"riscv_hal/riscv_hal_stubs.d" -march=RV32IM -mmuldiv -mfloat-abi=soft -o "riscv_hal/riscv_hal_stubs.o" "../riscv_hal/riscv_hal_stubs.c"
Finished building: ../riscv_hal/riscv_hal_stubs.c
 
Building file: ../riscv_hal/syscall.c
Invoking: RISC-V GCC/Newlib C Compiler
riscv64-unknown-elf-gcc -g3 -gdwarf-2 -m32 -I"/home/user/Desktop/Untitled Folder/workspace.examples/TickTackToe/drivers" -I"/home/user/Desktop/Untitled Folder/workspace.examples/TickTackToe" -I"/home/user/Desktop/Untitled Folder/workspace.examples/TickTackToe/drivers/CoreGPIO" -I"/home/user/Desktop/Untitled Folder/workspace.examples/TickTackToe/drivers/CoreSPI" -I"/home/user/Desktop/Untitled Folder/workspace.examples/TickTackToe/drivers/CoreTimer" -I"/home/user/Desktop/Untitled Folder/workspace.examples/TickTackToe/drivers/CoreUARTapb" -I"/home/user/Desktop/Untitled Folder/workspace.examples/TickTackToe/hal" -I"/home/user/Desktop/Untitled Folder/workspace.examples/TickTackToe/MicrosemiTFTDriver" -I"/home/user/Desktop/Untitled Folder/workspace.examples/TickTackToe/MicrosemiTSDriver" -I"/home/user/Desktop/Untitled Folder/workspace.examples/TickTackToe/riscv_hal" -I"/home/user/Desktop/Untitled Folder/workspace.examples/TickTackToe/TicTacToe" -O0 -Wall -c -MMD -MP -MF"riscv_hal/syscall.d" -MT"riscv_hal/syscall.d" -march=RV32IM -mmuldiv -mfloat-abi=soft -o "riscv_hal/syscall.o" "../riscv_hal/syscall.c"
../riscv_hal/syscall.c: In function 'write':
../riscv_hal/syscall.c:177:29: warning: pointer targets in initialization differ in signedness [-Wpointer-sign]
   const uint8_t * current = (const char*) ptr;
                             ^
../riscv_hal/syscall.c:185:28: warning: pointer targets in passing argument 2 of 'UART_send' differ in signedness [-Wpointer-sign]
         UART_send(&g_uart, "\r", 1);
                            ^~~~
In file included from ../riscv_hal/syscall.c:14:0:
/home/user/Desktop/Untitled Folder/workspace.examples/TickTackToe/drivers/CoreUARTapb/core_uart_apb.h:214:1: note: expected 'const uint8_t * {aka const unsigned char *}' but argument is of type 'char *'
 UART_send
 ^~~~~~~~~
Finished building: ../riscv_hal/syscall.c
 
Building file: ../hal/hal_irq.c
Invoking: RISC-V GCC/Newlib C Compiler
riscv64-unknown-elf-gcc -g3 -gdwarf-2 -m32 -I"/home/user/Desktop/Untitled Folder/workspace.examples/TickTackToe/drivers" -I"/home/user/Desktop/Untitled Folder/workspace.examples/TickTackToe" -I"/home/user/Desktop/Untitled Folder/workspace.examples/TickTackToe/drivers/CoreGPIO" -I"/home/user/Desktop/Untitled Folder/workspace.examples/TickTackToe/drivers/CoreSPI" -I"/home/user/Desktop/Untitled Folder/workspace.examples/TickTackToe/drivers/CoreTimer" -I"/home/user/Desktop/Untitled Folder/workspace.examples/TickTackToe/drivers/CoreUARTapb" -I"/home/user/Desktop/Untitled Folder/workspace.examples/TickTackToe/hal" -I"/home/user/Desktop/Untitled Folder/workspace.examples/TickTackToe/MicrosemiTFTDriver" -I"/home/user/Desktop/Untitled Folder/workspace.examples/TickTackToe/MicrosemiTSDriver" -I"/home/user/Desktop/Untitled Folder/workspace.examples/TickTackToe/riscv_hal" -I"/home/user/Desktop/Untitled Folder/workspace.examples/TickTackToe/TicTacToe" -O0 -Wall -c -MMD -MP -MF"hal/hal_irq.d" -MT"hal/hal_irq.d" -march=RV32IM -mmuldiv -mfloat-abi=soft -o "hal/hal_irq.o" "../hal/hal_irq.c"
Finished building: ../hal/hal_irq.c
 
Building file: ../hal/hw_reg_access.c
Invoking: RISC-V GCC/Newlib C Compiler
riscv64-unknown-elf-gcc -g3 -gdwarf-2 -m32 -I"/home/user/Desktop/Untitled Folder/workspace.examples/TickTackToe/drivers" -I"/home/user/Desktop/Untitled Folder/workspace.examples/TickTackToe" -I"/home/user/Desktop/Untitled Folder/workspace.examples/TickTackToe/drivers/CoreGPIO" -I"/home/user/Desktop/Untitled Folder/workspace.examples/TickTackToe/drivers/CoreSPI" -I"/home/user/Desktop/Untitled Folder/workspace.examples/TickTackToe/drivers/CoreTimer" -I"/home/user/Desktop/Untitled Folder/workspace.examples/TickTackToe/drivers/CoreUARTapb" -I"/home/user/Desktop/Untitled Folder/workspace.examples/TickTackToe/hal" -I"/home/user/Desktop/Untitled Folder/workspace.examples/TickTackToe/MicrosemiTFTDriver" -I"/home/user/Desktop/Untitled Folder/workspace.examples/TickTackToe/MicrosemiTSDriver" -I"/home/user/Desktop/Untitled Folder/workspace.examples/TickTackToe/riscv_hal" -I"/home/user/Desktop/Untitled Folder/workspace.examples/TickTackToe/TicTacToe" -O0 -Wall -c -MMD -MP -MF"hal/hw_reg_access.d" -MT"hal/hw_reg_access.d" -march=RV32IM -mmuldiv -mfloat-abi=soft -o "hal/hw_reg_access.o" "../hal/hw_reg_access.c"
Finished building: ../hal/hw_reg_access.c
 
Building file: ../drivers/CoreUARTapb/core_uart_apb.c
Invoking: RISC-V GCC/Newlib C Compiler
riscv64-unknown-elf-gcc -g3 -gdwarf-2 -m32 -I"/home/user/Desktop/Untitled Folder/workspace.examples/TickTackToe/drivers" -I"/home/user/Desktop/Untitled Folder/workspace.examples/TickTackToe" -I"/home/user/Desktop/Untitled Folder/workspace.examples/TickTackToe/drivers/CoreGPIO" -I"/home/user/Desktop/Untitled Folder/workspace.examples/TickTackToe/drivers/CoreSPI" -I"/home/user/Desktop/Untitled Folder/workspace.examples/TickTackToe/drivers/CoreTimer" -I"/home/user/Desktop/Untitled Folder/workspace.examples/TickTackToe/drivers/CoreUARTapb" -I"/home/user/Desktop/Untitled Folder/workspace.examples/TickTackToe/hal" -I"/home/user/Desktop/Untitled Folder/workspace.examples/TickTackToe/MicrosemiTFTDriver" -I"/home/user/Desktop/Untitled Folder/workspace.examples/TickTackToe/MicrosemiTSDriver" -I"/home/user/Desktop/Untitled Folder/workspace.examples/TickTackToe/riscv_hal" -I"/home/user/Desktop/Untitled Folder/workspace.examples/TickTackToe/TicTacToe" -O0 -Wall -c -MMD -MP -MF"drivers/CoreUARTapb/core_uart_apb.d" -MT"drivers/CoreUARTapb/core_uart_apb.d" -march=RV32IM -mmuldiv -mfloat-abi=soft -o "drivers/CoreUARTapb/core_uart_apb.o" "../drivers/CoreUARTapb/core_uart_apb.c"
../drivers/CoreUARTapb/core_uart_apb.c: In function 'UART_init':
../drivers/CoreUARTapb/core_uart_apb.c:97:30: warning: variable 'rx_byte' set but not used [-Wunused-but-set-variable]
             volatile uint8_t rx_byte;
                              ^~~~~~~
Finished building: ../drivers/CoreUARTapb/core_uart_apb.c
 
Building file: ../drivers/CoreTimer/core_timer.c
Invoking: RISC-V GCC/Newlib C Compiler
riscv64-unknown-elf-gcc -g3 -gdwarf-2 -m32 -I"/home/user/Desktop/Untitled Folder/workspace.examples/TickTackToe/drivers" -I"/home/user/Desktop/Untitled Folder/workspace.examples/TickTackToe" -I"/home/user/Desktop/Untitled Folder/workspace.examples/TickTackToe/drivers/CoreGPIO" -I"/home/user/Desktop/Untitled Folder/workspace.examples/TickTackToe/drivers/CoreSPI" -I"/home/user/Desktop/Untitled Folder/workspace.examples/TickTackToe/drivers/CoreTimer" -I"/home/user/Desktop/Untitled Folder/workspace.examples/TickTackToe/drivers/CoreUARTapb" -I"/home/user/Desktop/Untitled Folder/workspace.examples/TickTackToe/hal" -I"/home/user/Desktop/Untitled Folder/workspace.examples/TickTackToe/MicrosemiTFTDriver" -I"/home/user/Desktop/Untitled Folder/workspace.examples/TickTackToe/MicrosemiTSDriver" -I"/home/user/Desktop/Untitled Folder/workspace.examples/TickTackToe/riscv_hal" -I"/home/user/Desktop/Untitled Folder/workspace.examples/TickTackToe/TicTacToe" -O0 -Wall -c -MMD -MP -MF"drivers/CoreTimer/core_timer.d" -MT"drivers/CoreTimer/core_timer.d" -march=RV32IM -mmuldiv -mfloat-abi=soft -o "drivers/CoreTimer/core_timer.o" "../drivers/CoreTimer/core_timer.c"
Finished building: ../drivers/CoreTimer/core_timer.c
 
Building file: ../drivers/CoreSPI/core_spi.c
Invoking: RISC-V GCC/Newlib C Compiler
riscv64-unknown-elf-gcc -g3 -gdwarf-2 -m32 -I"/home/user/Desktop/Untitled Folder/workspace.examples/TickTackToe/drivers" -I"/home/user/Desktop/Untitled Folder/workspace.examples/TickTackToe" -I"/home/user/Desktop/Untitled Folder/workspace.examples/TickTackToe/drivers/CoreGPIO" -I"/home/user/Desktop/Untitled Folder/workspace.examples/TickTackToe/drivers/CoreSPI" -I"/home/user/Desktop/Untitled Folder/workspace.examples/TickTackToe/drivers/CoreTimer" -I"/home/user/Desktop/Untitled Folder/workspace.examples/TickTackToe/drivers/CoreUARTapb" -I"/home/user/Desktop/Untitled Folder/workspace.examples/TickTackToe/hal" -I"/home/user/Desktop/Untitled Folder/workspace.examples/TickTackToe/MicrosemiTFTDriver" -I"/home/user/Desktop/Untitled Folder/workspace.examples/TickTackToe/MicrosemiTSDriver" -I"/home/user/Desktop/Untitled Folder/workspace.examples/TickTackToe/riscv_hal" -I"/home/user/Desktop/Untitled Folder/workspace.examples/TickTackToe/TicTacToe" -O0 -Wall -c -MMD -MP -MF"drivers/CoreSPI/core_spi.d" -MT"drivers/CoreSPI/core_spi.d" -march=RV32IM -mmuldiv -mfloat-abi=soft -o "drivers/CoreSPI/core_spi.o" "../drivers/CoreSPI/core_spi.c"
../drivers/CoreSPI/core_spi.c: In function 'SPI_init':
../drivers/CoreSPI/core_spi.c:67:10: warning: variable 'test' set but not used [-Wunused-but-set-variable]
  uint8_t test;
          ^~~~
Finished building: ../drivers/CoreSPI/core_spi.c
 
Building file: ../drivers/CoreGPIO/core_gpio.c
Invoking: RISC-V GCC/Newlib C Compiler
riscv64-unknown-elf-gcc -g3 -gdwarf-2 -m32 -I"/home/user/Desktop/Untitled Folder/workspace.examples/TickTackToe/drivers" -I"/home/user/Desktop/Untitled Folder/workspace.examples/TickTackToe" -I"/home/user/Desktop/Untitled Folder/workspace.examples/TickTackToe/drivers/CoreGPIO" -I"/home/user/Desktop/Untitled Folder/workspace.examples/TickTackToe/drivers/CoreSPI" -I"/home/user/Desktop/Untitled Folder/workspace.examples/TickTackToe/drivers/CoreTimer" -I"/home/user/Desktop/Untitled Folder/workspace.examples/TickTackToe/drivers/CoreUARTapb" -I"/home/user/Desktop/Untitled Folder/workspace.examples/TickTackToe/hal" -I"/home/user/Desktop/Untitled Folder/workspace.examples/TickTackToe/MicrosemiTFTDriver" -I"/home/user/Desktop/Untitled Folder/workspace.examples/TickTackToe/MicrosemiTSDriver" -I"/home/user/Desktop/Untitled Folder/workspace.examples/TickTackToe/riscv_hal" -I"/home/user/Desktop/Untitled Folder/workspace.examples/TickTackToe/TicTacToe" -O0 -Wall -c -MMD -MP -MF"drivers/CoreGPIO/core_gpio.d" -MT"drivers/CoreGPIO/core_gpio.d" -march=RV32IM -mmuldiv -mfloat-abi=soft -o "drivers/CoreGPIO/core_gpio.o" "../drivers/CoreGPIO/core_gpio.c"
Finished building: ../drivers/CoreGPIO/core_gpio.c
 
Building file: ../TicTacToe/tictactoe.c
Invoking: RISC-V GCC/Newlib C Compiler
riscv64-unknown-elf-gcc -g3 -gdwarf-2 -m32 -I"/home/user/Desktop/Untitled Folder/workspace.examples/TickTackToe/drivers" -I"/home/user/Desktop/Untitled Folder/workspace.examples/TickTackToe" -I"/home/user/Desktop/Untitled Folder/workspace.examples/TickTackToe/drivers/CoreGPIO" -I"/home/user/Desktop/Untitled Folder/workspace.examples/TickTackToe/drivers/CoreSPI" -I"/home/user/Desktop/Untitled Folder/workspace.examples/TickTackToe/drivers/CoreTimer" -I"/home/user/Desktop/Untitled Folder/workspace.examples/TickTackToe/drivers/CoreUARTapb" -I"/home/user/Desktop/Untitled Folder/workspace.examples/TickTackToe/hal" -I"/home/user/Desktop/Untitled Folder/workspace.examples/TickTackToe/MicrosemiTFTDriver" -I"/home/user/Desktop/Untitled Folder/workspace.examples/TickTackToe/MicrosemiTSDriver" -I"/home/user/Desktop/Untitled Folder/workspace.examples/TickTackToe/riscv_hal" -I"/home/user/Desktop/Untitled Folder/workspace.examples/TickTackToe/TicTacToe" -O0 -Wall -c -MMD -MP -MF"TicTacToe/tictactoe.d" -MT"TicTacToe/tictactoe.d" -march=RV32IM -mmuldiv -mfloat-abi=soft -o "TicTacToe/tictactoe.o" "../TicTacToe/tictactoe.c"
Finished building: ../TicTacToe/tictactoe.c
 
Building file: ../MicrosemiTSDriver/Microsemi_Adafruit_STMPE610.c
Invoking: RISC-V GCC/Newlib C Compiler
riscv64-unknown-elf-gcc -g3 -gdwarf-2 -m32 -I"/home/user/Desktop/Untitled Folder/workspace.examples/TickTackToe/drivers" -I"/home/user/Desktop/Untitled Folder/workspace.examples/TickTackToe" -I"/home/user/Desktop/Untitled Folder/workspace.examples/TickTackToe/drivers/CoreGPIO" -I"/home/user/Desktop/Untitled Folder/workspace.examples/TickTackToe/drivers/CoreSPI" -I"/home/user/Desktop/Untitled Folder/workspace.examples/TickTackToe/drivers/CoreTimer" -I"/home/user/Desktop/Untitled Folder/workspace.examples/TickTackToe/drivers/CoreUARTapb" -I"/home/user/Desktop/Untitled Folder/workspace.examples/TickTackToe/hal" -I"/home/user/Desktop/Untitled Folder/workspace.examples/TickTackToe/MicrosemiTFTDriver" -I"/home/user/Desktop/Untitled Folder/workspace.examples/TickTackToe/MicrosemiTSDriver" -I"/home/user/Desktop/Untitled Folder/workspace.examples/TickTackToe/riscv_hal" -I"/home/user/Desktop/Untitled Folder/workspace.examples/TickTackToe/TicTacToe" -O0 -Wall -c -MMD -MP -MF"MicrosemiTSDriver/Microsemi_Adafruit_STMPE610.d" -MT"MicrosemiTSDriver/Microsemi_Adafruit_STMPE610.d" -march=RV32IM -mmuldiv -mfloat-abi=soft -o "MicrosemiTSDriver/Microsemi_Adafruit_STMPE610.o" "../MicrosemiTSDriver/Microsemi_Adafruit_STMPE610.c"
Finished building: ../MicrosemiTSDriver/Microsemi_Adafruit_STMPE610.c
 
Building file: ../MicrosemiTFTDriver/Microsemi_Adafruit_ILI9341.c
Invoking: RISC-V GCC/Newlib C Compiler
riscv64-unknown-elf-gcc -g3 -gdwarf-2 -m32 -I"/home/user/Desktop/Untitled Folder/workspace.examples/TickTackToe/drivers" -I"/home/user/Desktop/Untitled Folder/workspace.examples/TickTackToe" -I"/home/user/Desktop/Untitled Folder/workspace.examples/TickTackToe/drivers/CoreGPIO" -I"/home/user/Desktop/Untitled Folder/workspace.examples/TickTackToe/drivers/CoreSPI" -I"/home/user/Desktop/Untitled Folder/workspace.examples/TickTackToe/drivers/CoreTimer" -I"/home/user/Desktop/Untitled Folder/workspace.examples/TickTackToe/drivers/CoreUARTapb" -I"/home/user/Desktop/Untitled Folder/workspace.examples/TickTackToe/hal" -I"/home/user/Desktop/Untitled Folder/workspace.examples/TickTackToe/MicrosemiTFTDriver" -I"/home/user/Desktop/Untitled Folder/workspace.examples/TickTackToe/MicrosemiTSDriver" -I"/home/user/Desktop/Untitled Folder/workspace.examples/TickTackToe/riscv_hal" -I"/home/user/Desktop/Untitled Folder/workspace.examples/TickTackToe/TicTacToe" -O0 -Wall -c -MMD -MP -MF"MicrosemiTFTDriver/Microsemi_Adafruit_ILI9341.d" -MT"MicrosemiTFTDriver/Microsemi_Adafruit_ILI9341.d" -march=RV32IM -mmuldiv -mfloat-abi=soft -o "MicrosemiTFTDriver/Microsemi_Adafruit_ILI9341.o" "../MicrosemiTFTDriver/Microsemi_Adafruit_ILI9341.c"
../MicrosemiTFTDriver/Microsemi_Adafruit_ILI9341.c: In function 'TFT_drawLine':
../MicrosemiTFTDriver/Microsemi_Adafruit_ILI9341.c:405:19: warning: implicit declaration of function 'abs' [-Wimplicit-function-declaration]
   int16_t steep = abs(y1 - y0) > abs(x1 - x0);
                   ^~~
Finished building: ../MicrosemiTFTDriver/Microsemi_Adafruit_ILI9341.c
 
Building file: ../main.c
Invoking: RISC-V GCC/Newlib C Compiler
riscv64-unknown-elf-gcc -g3 -gdwarf-2 -m32 -I"/home/user/Desktop/Untitled Folder/workspace.examples/TickTackToe/drivers" -I"/home/user/Desktop/Untitled Folder/workspace.examples/TickTackToe" -I"/home/user/Desktop/Untitled Folder/workspace.examples/TickTackToe/drivers/CoreGPIO" -I"/home/user/Desktop/Untitled Folder/workspace.examples/TickTackToe/drivers/CoreSPI" -I"/home/user/Desktop/Untitled Folder/workspace.examples/TickTackToe/drivers/CoreTimer" -I"/home/user/Desktop/Untitled Folder/workspace.examples/TickTackToe/drivers/CoreUARTapb" -I"/home/user/Desktop/Untitled Folder/workspace.examples/TickTackToe/hal" -I"/home/user/Desktop/Untitled Folder/workspace.examples/TickTackToe/MicrosemiTFTDriver" -I"/home/user/Desktop/Untitled Folder/workspace.examples/TickTackToe/MicrosemiTSDriver" -I"/home/user/Desktop/Untitled Folder/workspace.examples/TickTackToe/riscv_hal" -I"/home/user/Desktop/Untitled Folder/workspace.examples/TickTackToe/TicTacToe" -O0 -Wall -c -MMD -MP -MF"main.d" -MT"main.d" -march=RV32IM -mmuldiv -mfloat-abi=soft -o "main.o" "../main.c"
Finished building: ../main.c
 
Building target: TickTackToe.elf
Invoking: RISC-V GCC/Newlib C Linker
riscv64-unknown-elf-gcc -g3 -gdwarf-2 -m32 -T"../all-ram.lds" -nostartfiles -nostdlib -Wl,-Map,TickTackToe.map -march=RV32IM -mmuldiv -mfloat-abi=soft -o "TickTackToe.elf"  ./riscv_hal/entry.o ./riscv_hal/init.o ./riscv_hal/riscv_hal.o ./riscv_hal/riscv_hal_stubs.o ./riscv_hal/syscall.o  ./hal/hal_irq.o ./hal/hw_reg_access.o  ./drivers/CoreUARTapb/core_uart_apb.o  ./drivers/CoreTimer/core_timer.o  ./drivers/CoreSPI/core_spi.o  ./drivers/CoreGPIO/core_gpio.o  ./TicTacToe/tictactoe.o  ./MicrosemiTSDriver/Microsemi_Adafruit_STMPE610.o  ./MicrosemiTFTDriver/Microsemi_Adafruit_ILI9341.o  ./main.o   -lc
Finished building target: TickTackToe.elf
 
Invoking: RISC-V GCC/Newlib GNU Create Flash Image
riscv64-unknown-elf-objcopy -O ihex TickTackToe.elf  "TickTackToe.hex"
Finished building: TickTackToe.hex
 
Invoking: RISC-V GCC/Newlib Create Listing
riscv64-unknown-elf-objdump -h -S TickTackToe.elf > "TickTackToe.lst"
Finished building: TickTackToe.lst
 
